   1               		.file	"ConfigDescriptor.c"
   2               	__SP_H__ = 0x3e
   3               	__SP_L__ = 0x3d
   4               	__SREG__ = 0x3f
   5               	__tmp_reg__ = 0
   6               	__zero_reg__ = 1
   7               		.text
   8               	.Ltext0:
   9               		.cfi_sections	.debug_frame
  10               		.section	.text.USB_GetNextDescriptor,"ax",@progbits
  12               	USB_GetNextDescriptor:
  13               	.LFB81:
  14               		.file 1 "LUFA-111009/LUFA/Drivers/USB/Core/ConfigDescriptor.h"
   1:LUFA-111009/LUFA/Drivers/USB/Core/ConfigDescriptor.h **** /*
   2:LUFA-111009/LUFA/Drivers/USB/Core/ConfigDescriptor.h ****              LUFA Library
   3:LUFA-111009/LUFA/Drivers/USB/Core/ConfigDescriptor.h ****      Copyright (C) Dean Camera, 2011.
   4:LUFA-111009/LUFA/Drivers/USB/Core/ConfigDescriptor.h **** 
   5:LUFA-111009/LUFA/Drivers/USB/Core/ConfigDescriptor.h ****   dean [at] fourwalledcubicle [dot] com
   6:LUFA-111009/LUFA/Drivers/USB/Core/ConfigDescriptor.h ****            www.lufa-lib.org
   7:LUFA-111009/LUFA/Drivers/USB/Core/ConfigDescriptor.h **** */
   8:LUFA-111009/LUFA/Drivers/USB/Core/ConfigDescriptor.h **** 
   9:LUFA-111009/LUFA/Drivers/USB/Core/ConfigDescriptor.h **** /*
  10:LUFA-111009/LUFA/Drivers/USB/Core/ConfigDescriptor.h ****   Copyright 2011  Dean Camera (dean [at] fourwalledcubicle [dot] com)
  11:LUFA-111009/LUFA/Drivers/USB/Core/ConfigDescriptor.h **** 
  12:LUFA-111009/LUFA/Drivers/USB/Core/ConfigDescriptor.h ****   Permission to use, copy, modify, distribute, and sell this
  13:LUFA-111009/LUFA/Drivers/USB/Core/ConfigDescriptor.h ****   software and its documentation for any purpose is hereby granted
  14:LUFA-111009/LUFA/Drivers/USB/Core/ConfigDescriptor.h ****   without fee, provided that the above copyright notice appear in
  15:LUFA-111009/LUFA/Drivers/USB/Core/ConfigDescriptor.h ****   all copies and that both that the copyright notice and this
  16:LUFA-111009/LUFA/Drivers/USB/Core/ConfigDescriptor.h ****   permission notice and warranty disclaimer appear in supporting
  17:LUFA-111009/LUFA/Drivers/USB/Core/ConfigDescriptor.h ****   documentation, and that the name of the author not be used in
  18:LUFA-111009/LUFA/Drivers/USB/Core/ConfigDescriptor.h ****   advertising or publicity pertaining to distribution of the
  19:LUFA-111009/LUFA/Drivers/USB/Core/ConfigDescriptor.h ****   software without specific, written prior permission.
  20:LUFA-111009/LUFA/Drivers/USB/Core/ConfigDescriptor.h **** 
  21:LUFA-111009/LUFA/Drivers/USB/Core/ConfigDescriptor.h ****   The author disclaim all warranties with regard to this
  22:LUFA-111009/LUFA/Drivers/USB/Core/ConfigDescriptor.h ****   software, including all implied warranties of merchantability
  23:LUFA-111009/LUFA/Drivers/USB/Core/ConfigDescriptor.h ****   and fitness.  In no event shall the author be liable for any
  24:LUFA-111009/LUFA/Drivers/USB/Core/ConfigDescriptor.h ****   special, indirect or consequential damages or any damages
  25:LUFA-111009/LUFA/Drivers/USB/Core/ConfigDescriptor.h ****   whatsoever resulting from loss of use, data or profits, whether
  26:LUFA-111009/LUFA/Drivers/USB/Core/ConfigDescriptor.h ****   in an action of contract, negligence or other tortious action,
  27:LUFA-111009/LUFA/Drivers/USB/Core/ConfigDescriptor.h ****   arising out of or in connection with the use or performance of
  28:LUFA-111009/LUFA/Drivers/USB/Core/ConfigDescriptor.h ****   this software.
  29:LUFA-111009/LUFA/Drivers/USB/Core/ConfigDescriptor.h **** */
  30:LUFA-111009/LUFA/Drivers/USB/Core/ConfigDescriptor.h **** 
  31:LUFA-111009/LUFA/Drivers/USB/Core/ConfigDescriptor.h **** /** \file
  32:LUFA-111009/LUFA/Drivers/USB/Core/ConfigDescriptor.h ****  *  \brief USB Configuration Descriptor definitions.
  33:LUFA-111009/LUFA/Drivers/USB/Core/ConfigDescriptor.h ****  *  \copydetails Group_ConfigDescriptorParser
  34:LUFA-111009/LUFA/Drivers/USB/Core/ConfigDescriptor.h ****  *
  35:LUFA-111009/LUFA/Drivers/USB/Core/ConfigDescriptor.h ****  *  \note This file should not be included directly. It is automatically included as needed by the 
  36:LUFA-111009/LUFA/Drivers/USB/Core/ConfigDescriptor.h ****  *        dispatch header located in LUFA/Drivers/USB/USB.h.
  37:LUFA-111009/LUFA/Drivers/USB/Core/ConfigDescriptor.h ****  */
  38:LUFA-111009/LUFA/Drivers/USB/Core/ConfigDescriptor.h **** 
  39:LUFA-111009/LUFA/Drivers/USB/Core/ConfigDescriptor.h **** /** \ingroup Group_Descriptors
  40:LUFA-111009/LUFA/Drivers/USB/Core/ConfigDescriptor.h ****  *  \defgroup Group_ConfigDescriptorParser Configuration Descriptor Parser
  41:LUFA-111009/LUFA/Drivers/USB/Core/ConfigDescriptor.h ****  *  \brief USB Configuration Descriptor definitions.
  42:LUFA-111009/LUFA/Drivers/USB/Core/ConfigDescriptor.h ****  *
  43:LUFA-111009/LUFA/Drivers/USB/Core/ConfigDescriptor.h ****  *  This section of the library gives a friendly API which can be used in host applications to easi
  44:LUFA-111009/LUFA/Drivers/USB/Core/ConfigDescriptor.h ****  *  parse an attached device's configuration descriptor so that endpoint, interface and other descr
  45:LUFA-111009/LUFA/Drivers/USB/Core/ConfigDescriptor.h ****  *  data can be extracted and used as needed.
  46:LUFA-111009/LUFA/Drivers/USB/Core/ConfigDescriptor.h ****  *
  47:LUFA-111009/LUFA/Drivers/USB/Core/ConfigDescriptor.h ****  *  @{
  48:LUFA-111009/LUFA/Drivers/USB/Core/ConfigDescriptor.h ****  */
  49:LUFA-111009/LUFA/Drivers/USB/Core/ConfigDescriptor.h **** 
  50:LUFA-111009/LUFA/Drivers/USB/Core/ConfigDescriptor.h **** #ifndef __CONFIGDESCRIPTOR_H__
  51:LUFA-111009/LUFA/Drivers/USB/Core/ConfigDescriptor.h **** #define __CONFIGDESCRIPTOR_H__
  52:LUFA-111009/LUFA/Drivers/USB/Core/ConfigDescriptor.h **** 
  53:LUFA-111009/LUFA/Drivers/USB/Core/ConfigDescriptor.h **** 	/* Includes: */
  54:LUFA-111009/LUFA/Drivers/USB/Core/ConfigDescriptor.h **** 		#include "../../../Common/Common.h"
  55:LUFA-111009/LUFA/Drivers/USB/Core/ConfigDescriptor.h **** 		#include "USBMode.h"		
  56:LUFA-111009/LUFA/Drivers/USB/Core/ConfigDescriptor.h **** 		#include "HostStandardReq.h"
  57:LUFA-111009/LUFA/Drivers/USB/Core/ConfigDescriptor.h **** 		#include "StdDescriptors.h"
  58:LUFA-111009/LUFA/Drivers/USB/Core/ConfigDescriptor.h **** 
  59:LUFA-111009/LUFA/Drivers/USB/Core/ConfigDescriptor.h **** 	/* Enable C linkage for C++ Compilers: */
  60:LUFA-111009/LUFA/Drivers/USB/Core/ConfigDescriptor.h **** 		#if defined(__cplusplus)
  61:LUFA-111009/LUFA/Drivers/USB/Core/ConfigDescriptor.h **** 			extern "C" {
  62:LUFA-111009/LUFA/Drivers/USB/Core/ConfigDescriptor.h **** 		#endif
  63:LUFA-111009/LUFA/Drivers/USB/Core/ConfigDescriptor.h **** 
  64:LUFA-111009/LUFA/Drivers/USB/Core/ConfigDescriptor.h **** 	/* Preprocessor Checks: */
  65:LUFA-111009/LUFA/Drivers/USB/Core/ConfigDescriptor.h **** 		#if !defined(__INCLUDE_FROM_USB_DRIVER)
  66:LUFA-111009/LUFA/Drivers/USB/Core/ConfigDescriptor.h **** 			#error Do not include this file directly. Include LUFA/Drivers/USB/USB.h instead.
  67:LUFA-111009/LUFA/Drivers/USB/Core/ConfigDescriptor.h **** 		#endif
  68:LUFA-111009/LUFA/Drivers/USB/Core/ConfigDescriptor.h **** 
  69:LUFA-111009/LUFA/Drivers/USB/Core/ConfigDescriptor.h **** 	/* Public Interface - May be used in end-application: */
  70:LUFA-111009/LUFA/Drivers/USB/Core/ConfigDescriptor.h **** 		/* Macros: */
  71:LUFA-111009/LUFA/Drivers/USB/Core/ConfigDescriptor.h **** 			/** Casts a pointer to a descriptor inside the configuration descriptor into a pointer to the gi
  72:LUFA-111009/LUFA/Drivers/USB/Core/ConfigDescriptor.h **** 			 *  descriptor type.
  73:LUFA-111009/LUFA/Drivers/USB/Core/ConfigDescriptor.h **** 			 *
  74:LUFA-111009/LUFA/Drivers/USB/Core/ConfigDescriptor.h **** 			 *  Usage Example:
  75:LUFA-111009/LUFA/Drivers/USB/Core/ConfigDescriptor.h **** 			 *  \code
  76:LUFA-111009/LUFA/Drivers/USB/Core/ConfigDescriptor.h **** 			 *  uint8_t* CurrDescriptor = &ConfigDescriptor[0]; // Pointing to the configuration header
  77:LUFA-111009/LUFA/Drivers/USB/Core/ConfigDescriptor.h **** 			 *  USB_Descriptor_Configuration_Header_t* ConfigHeaderPtr = DESCRIPTOR_PCAST(CurrDescriptor,
  78:LUFA-111009/LUFA/Drivers/USB/Core/ConfigDescriptor.h **** 			 *                                                           USB_Descriptor_Configuration_Header
  79:LUFA-111009/LUFA/Drivers/USB/Core/ConfigDescriptor.h **** 			 *
  80:LUFA-111009/LUFA/Drivers/USB/Core/ConfigDescriptor.h **** 			 *  // Can now access elements of the configuration header struct using the -> indirection opera
  81:LUFA-111009/LUFA/Drivers/USB/Core/ConfigDescriptor.h **** 			 *  \endcode
  82:LUFA-111009/LUFA/Drivers/USB/Core/ConfigDescriptor.h **** 			 */
  83:LUFA-111009/LUFA/Drivers/USB/Core/ConfigDescriptor.h **** 			#define DESCRIPTOR_PCAST(DescriptorPtr, Type) ((Type*)(DescriptorPtr))
  84:LUFA-111009/LUFA/Drivers/USB/Core/ConfigDescriptor.h **** 
  85:LUFA-111009/LUFA/Drivers/USB/Core/ConfigDescriptor.h **** 			/** Casts a pointer to a descriptor inside the configuration descriptor into the given descripto
  86:LUFA-111009/LUFA/Drivers/USB/Core/ConfigDescriptor.h **** 			 *  type (as an actual struct instance rather than a pointer to a struct).
  87:LUFA-111009/LUFA/Drivers/USB/Core/ConfigDescriptor.h **** 			 *
  88:LUFA-111009/LUFA/Drivers/USB/Core/ConfigDescriptor.h **** 			 *  Usage Example:
  89:LUFA-111009/LUFA/Drivers/USB/Core/ConfigDescriptor.h **** 			 *  \code
  90:LUFA-111009/LUFA/Drivers/USB/Core/ConfigDescriptor.h **** 			 *  uint8_t* CurrDescriptor = &ConfigDescriptor[0]; // Pointing to the configuration header
  91:LUFA-111009/LUFA/Drivers/USB/Core/ConfigDescriptor.h **** 			 *  USB_Descriptor_Configuration_Header_t ConfigHeader = DESCRIPTOR_CAST(CurrDescriptor,
  92:LUFA-111009/LUFA/Drivers/USB/Core/ConfigDescriptor.h **** 			 *                                                       USB_Descriptor_Configuration_Header_t);
  93:LUFA-111009/LUFA/Drivers/USB/Core/ConfigDescriptor.h **** 			 *
  94:LUFA-111009/LUFA/Drivers/USB/Core/ConfigDescriptor.h **** 			 *  // Can now access elements of the configuration header struct using the . operator
  95:LUFA-111009/LUFA/Drivers/USB/Core/ConfigDescriptor.h **** 			 *  \endcode
  96:LUFA-111009/LUFA/Drivers/USB/Core/ConfigDescriptor.h **** 			 */
  97:LUFA-111009/LUFA/Drivers/USB/Core/ConfigDescriptor.h **** 			#define DESCRIPTOR_CAST(DescriptorPtr, Type)  (*DESCRIPTOR_PCAST(DescriptorPtr, Type))
  98:LUFA-111009/LUFA/Drivers/USB/Core/ConfigDescriptor.h **** 
  99:LUFA-111009/LUFA/Drivers/USB/Core/ConfigDescriptor.h **** 			/** Returns the descriptor's type, expressed as the 8-bit type value in the header of the descri
 100:LUFA-111009/LUFA/Drivers/USB/Core/ConfigDescriptor.h **** 			 *  This value's meaning depends on the descriptor's placement in the descriptor, but standard t
 101:LUFA-111009/LUFA/Drivers/USB/Core/ConfigDescriptor.h **** 			 *  values can be accessed in the \ref USB_DescriptorTypes_t enum.
 102:LUFA-111009/LUFA/Drivers/USB/Core/ConfigDescriptor.h **** 			 */
 103:LUFA-111009/LUFA/Drivers/USB/Core/ConfigDescriptor.h **** 			#define DESCRIPTOR_TYPE(DescriptorPtr)    DESCRIPTOR_PCAST(DescriptorPtr, USB_Descriptor_Header_
 104:LUFA-111009/LUFA/Drivers/USB/Core/ConfigDescriptor.h **** 
 105:LUFA-111009/LUFA/Drivers/USB/Core/ConfigDescriptor.h **** 			/** Returns the descriptor's size, expressed as the 8-bit value indicating the number of bytes. 
 106:LUFA-111009/LUFA/Drivers/USB/Core/ConfigDescriptor.h **** 			#define DESCRIPTOR_SIZE(DescriptorPtr)    DESCRIPTOR_PCAST(DescriptorPtr, USB_Descriptor_Header_
 107:LUFA-111009/LUFA/Drivers/USB/Core/ConfigDescriptor.h **** 
 108:LUFA-111009/LUFA/Drivers/USB/Core/ConfigDescriptor.h **** 		/* Type Defines: */
 109:LUFA-111009/LUFA/Drivers/USB/Core/ConfigDescriptor.h **** 			/** Type define for a Configuration Descriptor comparator function (function taking a pointer to
 110:LUFA-111009/LUFA/Drivers/USB/Core/ConfigDescriptor.h **** 			 *  of type void, returning a uint8_t value).
 111:LUFA-111009/LUFA/Drivers/USB/Core/ConfigDescriptor.h **** 			 *
 112:LUFA-111009/LUFA/Drivers/USB/Core/ConfigDescriptor.h **** 			 *  \see \ref USB_GetNextDescriptorComp function for more details.
 113:LUFA-111009/LUFA/Drivers/USB/Core/ConfigDescriptor.h **** 			 */
 114:LUFA-111009/LUFA/Drivers/USB/Core/ConfigDescriptor.h **** 			typedef uint8_t (* ConfigComparatorPtr_t)(void*);
 115:LUFA-111009/LUFA/Drivers/USB/Core/ConfigDescriptor.h **** 
 116:LUFA-111009/LUFA/Drivers/USB/Core/ConfigDescriptor.h **** 		/* Enums: */
 117:LUFA-111009/LUFA/Drivers/USB/Core/ConfigDescriptor.h **** 			/** Enum for the possible return codes of the \ref USB_Host_GetDeviceConfigDescriptor() function
 118:LUFA-111009/LUFA/Drivers/USB/Core/ConfigDescriptor.h **** 			enum USB_Host_GetConfigDescriptor_ErrorCodes_t
 119:LUFA-111009/LUFA/Drivers/USB/Core/ConfigDescriptor.h **** 			{
 120:LUFA-111009/LUFA/Drivers/USB/Core/ConfigDescriptor.h **** 				HOST_GETCONFIG_Successful       = 0, /**< No error occurred while retrieving the configuration 
 121:LUFA-111009/LUFA/Drivers/USB/Core/ConfigDescriptor.h **** 				HOST_GETCONFIG_DeviceDisconnect = 1, /**< The attached device was disconnected while retrieving
 122:LUFA-111009/LUFA/Drivers/USB/Core/ConfigDescriptor.h **** 				                                        * descriptor.
 123:LUFA-111009/LUFA/Drivers/USB/Core/ConfigDescriptor.h **** 				                                        */
 124:LUFA-111009/LUFA/Drivers/USB/Core/ConfigDescriptor.h **** 				HOST_GETCONFIG_PipeError        = 2, /**< An error occurred in the pipe while sending the reque
 125:LUFA-111009/LUFA/Drivers/USB/Core/ConfigDescriptor.h **** 				HOST_GETCONFIG_SetupStalled     = 3, /**< The attached device stalled the request to retrieve t
 126:LUFA-111009/LUFA/Drivers/USB/Core/ConfigDescriptor.h **** 				                                        * descriptor.
 127:LUFA-111009/LUFA/Drivers/USB/Core/ConfigDescriptor.h **** 				                                        */
 128:LUFA-111009/LUFA/Drivers/USB/Core/ConfigDescriptor.h **** 				HOST_GETCONFIG_SoftwareTimeOut  = 4, /**< The request or data transfer timed out. */
 129:LUFA-111009/LUFA/Drivers/USB/Core/ConfigDescriptor.h **** 				HOST_GETCONFIG_BuffOverflow     = 5, /**< The device's configuration descriptor is too large to
 130:LUFA-111009/LUFA/Drivers/USB/Core/ConfigDescriptor.h **** 				                                        * buffer.
 131:LUFA-111009/LUFA/Drivers/USB/Core/ConfigDescriptor.h **** 				                                        */
 132:LUFA-111009/LUFA/Drivers/USB/Core/ConfigDescriptor.h **** 				HOST_GETCONFIG_InvalidData      = 6, /**< The device returned invalid configuration descriptor 
 133:LUFA-111009/LUFA/Drivers/USB/Core/ConfigDescriptor.h **** 			};
 134:LUFA-111009/LUFA/Drivers/USB/Core/ConfigDescriptor.h **** 
 135:LUFA-111009/LUFA/Drivers/USB/Core/ConfigDescriptor.h **** 			/** Enum for return values of a descriptor comparator function. */
 136:LUFA-111009/LUFA/Drivers/USB/Core/ConfigDescriptor.h **** 			enum DSearch_Return_ErrorCodes_t
 137:LUFA-111009/LUFA/Drivers/USB/Core/ConfigDescriptor.h **** 			{
 138:LUFA-111009/LUFA/Drivers/USB/Core/ConfigDescriptor.h **** 				DESCRIPTOR_SEARCH_Found                = 0, /**< Current descriptor matches comparator criteria
 139:LUFA-111009/LUFA/Drivers/USB/Core/ConfigDescriptor.h **** 				DESCRIPTOR_SEARCH_Fail                 = 1, /**< No further descriptor could possibly match cri
 140:LUFA-111009/LUFA/Drivers/USB/Core/ConfigDescriptor.h **** 				DESCRIPTOR_SEARCH_NotFound             = 2, /**< Current descriptor does not match comparator c
 141:LUFA-111009/LUFA/Drivers/USB/Core/ConfigDescriptor.h **** 			};
 142:LUFA-111009/LUFA/Drivers/USB/Core/ConfigDescriptor.h **** 
 143:LUFA-111009/LUFA/Drivers/USB/Core/ConfigDescriptor.h **** 			/** Enum for return values of \ref USB_GetNextDescriptorComp(). */
 144:LUFA-111009/LUFA/Drivers/USB/Core/ConfigDescriptor.h **** 			enum DSearch_Comp_Return_ErrorCodes_t
 145:LUFA-111009/LUFA/Drivers/USB/Core/ConfigDescriptor.h **** 			{
 146:LUFA-111009/LUFA/Drivers/USB/Core/ConfigDescriptor.h **** 				DESCRIPTOR_SEARCH_COMP_Found           = 0, /**< Configuration descriptor now points to descrip
 147:LUFA-111009/LUFA/Drivers/USB/Core/ConfigDescriptor.h **** 				                                             *   search criteria of the given comparator functi
 148:LUFA-111009/LUFA/Drivers/USB/Core/ConfigDescriptor.h **** 				DESCRIPTOR_SEARCH_COMP_Fail            = 1, /**< Comparator function returned \ref DESCRIPTOR_S
 149:LUFA-111009/LUFA/Drivers/USB/Core/ConfigDescriptor.h **** 				DESCRIPTOR_SEARCH_COMP_EndOfDescriptor = 2, /**< End of configuration descriptor reached before
 150:LUFA-111009/LUFA/Drivers/USB/Core/ConfigDescriptor.h **** 			};
 151:LUFA-111009/LUFA/Drivers/USB/Core/ConfigDescriptor.h **** 
 152:LUFA-111009/LUFA/Drivers/USB/Core/ConfigDescriptor.h **** 		/* Function Prototypes: */
 153:LUFA-111009/LUFA/Drivers/USB/Core/ConfigDescriptor.h **** 			/** Retrieves the configuration descriptor data from an attached device via a standard request i
 154:LUFA-111009/LUFA/Drivers/USB/Core/ConfigDescriptor.h **** 			 *  including validity and size checking to prevent a buffer overflow.
 155:LUFA-111009/LUFA/Drivers/USB/Core/ConfigDescriptor.h **** 			 *
 156:LUFA-111009/LUFA/Drivers/USB/Core/ConfigDescriptor.h **** 			 *  \param[in]     ConfigNumber   Device configuration descriptor number to fetch from the devic
 157:LUFA-111009/LUFA/Drivers/USB/Core/ConfigDescriptor.h **** 			 *                                single configuration devices).
 158:LUFA-111009/LUFA/Drivers/USB/Core/ConfigDescriptor.h **** 			 *  \param[in,out] ConfigSizePtr  Pointer to a location for storing the retrieved configuration 
 159:LUFA-111009/LUFA/Drivers/USB/Core/ConfigDescriptor.h **** 			 *  \param[out]    BufferPtr      Pointer to the buffer for storing the configuration descriptor
 160:LUFA-111009/LUFA/Drivers/USB/Core/ConfigDescriptor.h **** 			 *  \param[out]    BufferSize     Size of the allocated buffer where the configuration descripto
 161:LUFA-111009/LUFA/Drivers/USB/Core/ConfigDescriptor.h **** 			 *
 162:LUFA-111009/LUFA/Drivers/USB/Core/ConfigDescriptor.h **** 			 *  \return A value from the \ref USB_Host_GetConfigDescriptor_ErrorCodes_t enum.
 163:LUFA-111009/LUFA/Drivers/USB/Core/ConfigDescriptor.h **** 			 */
 164:LUFA-111009/LUFA/Drivers/USB/Core/ConfigDescriptor.h **** 			uint8_t USB_Host_GetDeviceConfigDescriptor(const uint8_t ConfigNumber,
 165:LUFA-111009/LUFA/Drivers/USB/Core/ConfigDescriptor.h **** 			                                           uint16_t* const ConfigSizePtr,
 166:LUFA-111009/LUFA/Drivers/USB/Core/ConfigDescriptor.h **** 			                                           void* const BufferPtr,
 167:LUFA-111009/LUFA/Drivers/USB/Core/ConfigDescriptor.h **** 			                                           const uint16_t BufferSize) ATTR_NON_NULL_PTR_ARG(2) A
 168:LUFA-111009/LUFA/Drivers/USB/Core/ConfigDescriptor.h **** 
 169:LUFA-111009/LUFA/Drivers/USB/Core/ConfigDescriptor.h **** 			/** Skips to the next sub-descriptor inside the configuration descriptor of the specified type v
 170:LUFA-111009/LUFA/Drivers/USB/Core/ConfigDescriptor.h **** 			 *  The bytes remaining value is automatically decremented.
 171:LUFA-111009/LUFA/Drivers/USB/Core/ConfigDescriptor.h **** 			 *
 172:LUFA-111009/LUFA/Drivers/USB/Core/ConfigDescriptor.h **** 			 * \param[in,out] BytesRem       Pointer to the number of bytes remaining of the configuration d
 173:LUFA-111009/LUFA/Drivers/USB/Core/ConfigDescriptor.h **** 			 * \param[in,out] CurrConfigLoc  Pointer to the current descriptor inside the configuration desc
 174:LUFA-111009/LUFA/Drivers/USB/Core/ConfigDescriptor.h **** 			 * \param[in]     Type           Descriptor type value to search for.
 175:LUFA-111009/LUFA/Drivers/USB/Core/ConfigDescriptor.h **** 			 */
 176:LUFA-111009/LUFA/Drivers/USB/Core/ConfigDescriptor.h **** 			void USB_GetNextDescriptorOfType(uint16_t* const BytesRem,
 177:LUFA-111009/LUFA/Drivers/USB/Core/ConfigDescriptor.h **** 			                                 void** const CurrConfigLoc,
 178:LUFA-111009/LUFA/Drivers/USB/Core/ConfigDescriptor.h **** 			                                 const uint8_t Type)
 179:LUFA-111009/LUFA/Drivers/USB/Core/ConfigDescriptor.h **** 			                                 ATTR_NON_NULL_PTR_ARG(1) ATTR_NON_NULL_PTR_ARG(2);
 180:LUFA-111009/LUFA/Drivers/USB/Core/ConfigDescriptor.h **** 
 181:LUFA-111009/LUFA/Drivers/USB/Core/ConfigDescriptor.h **** 			/** Skips to the next sub-descriptor inside the configuration descriptor of the specified type v
 182:LUFA-111009/LUFA/Drivers/USB/Core/ConfigDescriptor.h **** 			 *  which must come before a descriptor of the second given type value. If the BeforeType type
 183:LUFA-111009/LUFA/Drivers/USB/Core/ConfigDescriptor.h **** 			 *  descriptor is reached first, the number of bytes remaining to process is set to zero and the
 184:LUFA-111009/LUFA/Drivers/USB/Core/ConfigDescriptor.h **** 			 *  function exits. The bytes remaining value is automatically decremented.
 185:LUFA-111009/LUFA/Drivers/USB/Core/ConfigDescriptor.h **** 			 *
 186:LUFA-111009/LUFA/Drivers/USB/Core/ConfigDescriptor.h **** 			 * \param[in,out] BytesRem       Pointer to the number of bytes remaining of the configuration d
 187:LUFA-111009/LUFA/Drivers/USB/Core/ConfigDescriptor.h **** 			 * \param[in,out] CurrConfigLoc  Pointer to the current descriptor inside the configuration desc
 188:LUFA-111009/LUFA/Drivers/USB/Core/ConfigDescriptor.h **** 			 * \param[in]     Type           Descriptor type value to search for.
 189:LUFA-111009/LUFA/Drivers/USB/Core/ConfigDescriptor.h **** 			 * \param[in]     BeforeType     Descriptor type value which must not be reached before the give
 190:LUFA-111009/LUFA/Drivers/USB/Core/ConfigDescriptor.h **** 			 */
 191:LUFA-111009/LUFA/Drivers/USB/Core/ConfigDescriptor.h **** 			void USB_GetNextDescriptorOfTypeBefore(uint16_t* const BytesRem,
 192:LUFA-111009/LUFA/Drivers/USB/Core/ConfigDescriptor.h **** 			                                       void** const CurrConfigLoc,
 193:LUFA-111009/LUFA/Drivers/USB/Core/ConfigDescriptor.h **** 			                                       const uint8_t Type,
 194:LUFA-111009/LUFA/Drivers/USB/Core/ConfigDescriptor.h **** 			                                       const uint8_t BeforeType)
 195:LUFA-111009/LUFA/Drivers/USB/Core/ConfigDescriptor.h **** 			                                       ATTR_NON_NULL_PTR_ARG(1) ATTR_NON_NULL_PTR_ARG(2);
 196:LUFA-111009/LUFA/Drivers/USB/Core/ConfigDescriptor.h **** 
 197:LUFA-111009/LUFA/Drivers/USB/Core/ConfigDescriptor.h **** 			/** Skips to the next sub-descriptor inside the configuration descriptor of the specified type v
 198:LUFA-111009/LUFA/Drivers/USB/Core/ConfigDescriptor.h **** 			 *  which must come after a descriptor of the second given type value. The bytes remaining value
 199:LUFA-111009/LUFA/Drivers/USB/Core/ConfigDescriptor.h **** 			 *  automatically decremented.
 200:LUFA-111009/LUFA/Drivers/USB/Core/ConfigDescriptor.h **** 			 *
 201:LUFA-111009/LUFA/Drivers/USB/Core/ConfigDescriptor.h **** 			 * \param[in,out] BytesRem       Pointer to the number of bytes remaining of the configuration d
 202:LUFA-111009/LUFA/Drivers/USB/Core/ConfigDescriptor.h **** 			 * \param[in,out] CurrConfigLoc  Pointer to the current descriptor inside the configuration desc
 203:LUFA-111009/LUFA/Drivers/USB/Core/ConfigDescriptor.h **** 			 * \param[in]     Type           Descriptor type value to search for.
 204:LUFA-111009/LUFA/Drivers/USB/Core/ConfigDescriptor.h **** 			 * \param[in]     AfterType      Descriptor type value which must be reached before the given Ty
 205:LUFA-111009/LUFA/Drivers/USB/Core/ConfigDescriptor.h **** 			 */
 206:LUFA-111009/LUFA/Drivers/USB/Core/ConfigDescriptor.h **** 			void USB_GetNextDescriptorOfTypeAfter(uint16_t* const BytesRem,
 207:LUFA-111009/LUFA/Drivers/USB/Core/ConfigDescriptor.h **** 			                                      void** const CurrConfigLoc,
 208:LUFA-111009/LUFA/Drivers/USB/Core/ConfigDescriptor.h **** 			                                      const uint8_t Type,
 209:LUFA-111009/LUFA/Drivers/USB/Core/ConfigDescriptor.h **** 			                                      const uint8_t AfterType)
 210:LUFA-111009/LUFA/Drivers/USB/Core/ConfigDescriptor.h **** 			                                      ATTR_NON_NULL_PTR_ARG(1) ATTR_NON_NULL_PTR_ARG(2);
 211:LUFA-111009/LUFA/Drivers/USB/Core/ConfigDescriptor.h **** 
 212:LUFA-111009/LUFA/Drivers/USB/Core/ConfigDescriptor.h **** 			/** Searches for the next descriptor in the given configuration descriptor using a pre-made comp
 213:LUFA-111009/LUFA/Drivers/USB/Core/ConfigDescriptor.h **** 			 *  function. The routine updates the position and remaining configuration descriptor bytes valu
 214:LUFA-111009/LUFA/Drivers/USB/Core/ConfigDescriptor.h **** 			 *  automatically. If a comparator routine fails a search, the descriptor pointer is retreated b
 215:LUFA-111009/LUFA/Drivers/USB/Core/ConfigDescriptor.h **** 			 *  so that the next descriptor search invocation will start from the descriptor which first cau
 216:LUFA-111009/LUFA/Drivers/USB/Core/ConfigDescriptor.h **** 			 *  original search to fail. This behaviour allows for one comparator to be used immediately aft
 217:LUFA-111009/LUFA/Drivers/USB/Core/ConfigDescriptor.h **** 			 *  has failed, starting the second search from the descriptor which failed the first.
 218:LUFA-111009/LUFA/Drivers/USB/Core/ConfigDescriptor.h **** 			 *
 219:LUFA-111009/LUFA/Drivers/USB/Core/ConfigDescriptor.h **** 			 *  Comparator functions should be standard functions which accept a pointer to the header of th
 220:LUFA-111009/LUFA/Drivers/USB/Core/ConfigDescriptor.h **** 			 *  descriptor inside the configuration descriptor which is being compared, and should return a 
 221:LUFA-111009/LUFA/Drivers/USB/Core/ConfigDescriptor.h **** 			 *  the \ref DSearch_Return_ErrorCodes_t enum as a uint8_t value.
 222:LUFA-111009/LUFA/Drivers/USB/Core/ConfigDescriptor.h **** 			 *
 223:LUFA-111009/LUFA/Drivers/USB/Core/ConfigDescriptor.h **** 			 *  \note This function is available in USB Host mode only.
 224:LUFA-111009/LUFA/Drivers/USB/Core/ConfigDescriptor.h **** 			 *
 225:LUFA-111009/LUFA/Drivers/USB/Core/ConfigDescriptor.h **** 			 *  \param[in,out] BytesRem           Pointer to an int storing the remaining bytes in the confi
 226:LUFA-111009/LUFA/Drivers/USB/Core/ConfigDescriptor.h **** 			 *  \param[in,out] CurrConfigLoc      Pointer to the current position in the configuration descr
 227:LUFA-111009/LUFA/Drivers/USB/Core/ConfigDescriptor.h **** 			 *  \param[in]     ComparatorRoutine  Name of the comparator search function to use on the confi
 228:LUFA-111009/LUFA/Drivers/USB/Core/ConfigDescriptor.h **** 			 *
 229:LUFA-111009/LUFA/Drivers/USB/Core/ConfigDescriptor.h **** 			 *  \return Value of one of the members of the \ref DSearch_Comp_Return_ErrorCodes_t enum.
 230:LUFA-111009/LUFA/Drivers/USB/Core/ConfigDescriptor.h **** 			 *
 231:LUFA-111009/LUFA/Drivers/USB/Core/ConfigDescriptor.h **** 			 *  Usage Example:
 232:LUFA-111009/LUFA/Drivers/USB/Core/ConfigDescriptor.h **** 			 *  \code
 233:LUFA-111009/LUFA/Drivers/USB/Core/ConfigDescriptor.h **** 			 *  uint8_t EndpointSearcher(void* CurrentDescriptor); // Comparator Prototype
 234:LUFA-111009/LUFA/Drivers/USB/Core/ConfigDescriptor.h **** 			 *
 235:LUFA-111009/LUFA/Drivers/USB/Core/ConfigDescriptor.h **** 			 *  uint8_t EndpointSearcher(void* CurrentDescriptor)
 236:LUFA-111009/LUFA/Drivers/USB/Core/ConfigDescriptor.h **** 			 *  {
 237:LUFA-111009/LUFA/Drivers/USB/Core/ConfigDescriptor.h **** 			 *     if (DESCRIPTOR_TYPE(CurrentDescriptor) == DTYPE_Endpoint)
 238:LUFA-111009/LUFA/Drivers/USB/Core/ConfigDescriptor.h **** 			 *         return DESCRIPTOR_SEARCH_Found;
 239:LUFA-111009/LUFA/Drivers/USB/Core/ConfigDescriptor.h **** 			 *     else
 240:LUFA-111009/LUFA/Drivers/USB/Core/ConfigDescriptor.h **** 			 *         return DESCRIPTOR_SEARCH_NotFound;
 241:LUFA-111009/LUFA/Drivers/USB/Core/ConfigDescriptor.h **** 			 *  }
 242:LUFA-111009/LUFA/Drivers/USB/Core/ConfigDescriptor.h **** 			 *
 243:LUFA-111009/LUFA/Drivers/USB/Core/ConfigDescriptor.h **** 			 *  //...
 244:LUFA-111009/LUFA/Drivers/USB/Core/ConfigDescriptor.h **** 			 *  // After retrieving configuration descriptor:
 245:LUFA-111009/LUFA/Drivers/USB/Core/ConfigDescriptor.h **** 			 *  if (USB_Host_GetNextDescriptorComp(&BytesRemaining, &CurrentConfigLoc, EndpointSearcher) ==
 246:LUFA-111009/LUFA/Drivers/USB/Core/ConfigDescriptor.h **** 			 *      Descriptor_Search_Comp_Found)
 247:LUFA-111009/LUFA/Drivers/USB/Core/ConfigDescriptor.h **** 			 *  {
 248:LUFA-111009/LUFA/Drivers/USB/Core/ConfigDescriptor.h **** 			 *      // Do something with the endpoint descriptor
 249:LUFA-111009/LUFA/Drivers/USB/Core/ConfigDescriptor.h **** 			 *  }
 250:LUFA-111009/LUFA/Drivers/USB/Core/ConfigDescriptor.h **** 			 *  \endcode
 251:LUFA-111009/LUFA/Drivers/USB/Core/ConfigDescriptor.h **** 			 */
 252:LUFA-111009/LUFA/Drivers/USB/Core/ConfigDescriptor.h **** 			uint8_t USB_GetNextDescriptorComp(uint16_t* const BytesRem,
 253:LUFA-111009/LUFA/Drivers/USB/Core/ConfigDescriptor.h **** 			                                  void** const CurrConfigLoc,
 254:LUFA-111009/LUFA/Drivers/USB/Core/ConfigDescriptor.h **** 			                                  ConfigComparatorPtr_t const ComparatorRoutine);
 255:LUFA-111009/LUFA/Drivers/USB/Core/ConfigDescriptor.h **** 
 256:LUFA-111009/LUFA/Drivers/USB/Core/ConfigDescriptor.h **** 		/* Inline Functions: */
 257:LUFA-111009/LUFA/Drivers/USB/Core/ConfigDescriptor.h **** 			/** Skips over the current sub-descriptor inside the configuration descriptor, so that the point
 258:LUFA-111009/LUFA/Drivers/USB/Core/ConfigDescriptor.h **** 			    points to the next sub-descriptor. The bytes remaining value is automatically decremented.
 259:LUFA-111009/LUFA/Drivers/USB/Core/ConfigDescriptor.h **** 			 *
 260:LUFA-111009/LUFA/Drivers/USB/Core/ConfigDescriptor.h **** 			 * \param[in,out] BytesRem       Pointer to the number of bytes remaining of the configuration d
 261:LUFA-111009/LUFA/Drivers/USB/Core/ConfigDescriptor.h **** 			 * \param[in,out] CurrConfigLoc  Pointer to the current descriptor inside the configuration desc
 262:LUFA-111009/LUFA/Drivers/USB/Core/ConfigDescriptor.h **** 			 */
 263:LUFA-111009/LUFA/Drivers/USB/Core/ConfigDescriptor.h **** 			static inline void USB_GetNextDescriptor(uint16_t* const BytesRem,
 264:LUFA-111009/LUFA/Drivers/USB/Core/ConfigDescriptor.h **** 			                                         void** CurrConfigLoc) ATTR_NON_NULL_PTR_ARG(1) ATTR_NON
 265:LUFA-111009/LUFA/Drivers/USB/Core/ConfigDescriptor.h **** 			static inline void USB_GetNextDescriptor(uint16_t* const BytesRem,
 266:LUFA-111009/LUFA/Drivers/USB/Core/ConfigDescriptor.h **** 			                                         void** CurrConfigLoc)
 267:LUFA-111009/LUFA/Drivers/USB/Core/ConfigDescriptor.h **** 			{
  15               		.loc 1 267 0
  16               		.cfi_startproc
  17               	.LVL0:
  18 0000 CF93      		push r28
  19               	.LCFI0:
  20               		.cfi_def_cfa_offset 3
  21               		.cfi_offset 28, -2
  22 0002 DF93      		push r29
  23               	.LCFI1:
  24               		.cfi_def_cfa_offset 4
  25               		.cfi_offset 29, -3
  26               	/* prologue: function */
  27               	/* frame size = 0 */
  28               	/* stack size = 2 */
  29               	.L__stack_usage = 2
  30 0004 FC01      		movw r30,r24
 268:LUFA-111009/LUFA/Drivers/USB/Core/ConfigDescriptor.h **** 				uint16_t CurrDescriptorSize = DESCRIPTOR_CAST(*CurrConfigLoc, USB_Descriptor_Header_t).Size;
  31               		.loc 1 268 0
  32 0006 EB01      		movw r28,r22
  33 0008 A881      		ld r26,Y
  34 000a B981      		ldd r27,Y+1
  35 000c 8C91      		ld r24,X
  36               	.LVL1:
  37 000e 90E0      		ldi r25,0
  38               	.LVL2:
 269:LUFA-111009/LUFA/Drivers/USB/Core/ConfigDescriptor.h **** 				
 270:LUFA-111009/LUFA/Drivers/USB/Core/ConfigDescriptor.h **** 				if (*BytesRem < CurrDescriptorSize)
  39               		.loc 1 270 0
  40 0010 2081      		ld r18,Z
  41 0012 3181      		ldd r19,Z+1
  42 0014 8217      		cp r24,r18
  43 0016 9307      		cpc r25,r19
  44 0018 00F4      		brsh .L2
  45 001a 9C01      		movw r18,r24
  46               	.L2:
  47               	.LVL3:
 271:LUFA-111009/LUFA/Drivers/USB/Core/ConfigDescriptor.h **** 				  CurrDescriptorSize = *BytesRem;
 272:LUFA-111009/LUFA/Drivers/USB/Core/ConfigDescriptor.h **** 
 273:LUFA-111009/LUFA/Drivers/USB/Core/ConfigDescriptor.h **** 				*CurrConfigLoc  = (void*)((uintptr_t)*CurrConfigLoc + CurrDescriptorSize);
  48               		.loc 1 273 0
  49 001c A20F      		add r26,r18
  50 001e B31F      		adc r27,r19
  51 0020 EB01      		movw r28,r22
  52 0022 B983      		std Y+1,r27
  53 0024 A883      		st Y,r26
 274:LUFA-111009/LUFA/Drivers/USB/Core/ConfigDescriptor.h **** 				*BytesRem      -= CurrDescriptorSize;
  54               		.loc 1 274 0
  55 0026 8081      		ld r24,Z
  56 0028 9181      		ldd r25,Z+1
  57 002a 821B      		sub r24,r18
  58 002c 930B      		sbc r25,r19
  59 002e 9183      		std Z+1,r25
  60 0030 8083      		st Z,r24
  61               	/* epilogue start */
 275:LUFA-111009/LUFA/Drivers/USB/Core/ConfigDescriptor.h **** 			}
  62               		.loc 1 275 0
  63 0032 DF91      		pop r29
  64 0034 CF91      		pop r28
  65 0036 0895      		ret
  66               		.cfi_endproc
  67               	.LFE81:
  69               		.section	.text.USB_GetNextDescriptorOfType,"ax",@progbits
  70               	.global	USB_GetNextDescriptorOfType
  72               	USB_GetNextDescriptorOfType:
  73               	.LFB82:
  74               		.file 2 "LUFA-111009/LUFA/Drivers/USB/Core/ConfigDescriptor.c"
   1:LUFA-111009/LUFA/Drivers/USB/Core/ConfigDescriptor.c **** /*
   2:LUFA-111009/LUFA/Drivers/USB/Core/ConfigDescriptor.c ****              LUFA Library
   3:LUFA-111009/LUFA/Drivers/USB/Core/ConfigDescriptor.c ****      Copyright (C) Dean Camera, 2011.
   4:LUFA-111009/LUFA/Drivers/USB/Core/ConfigDescriptor.c **** 
   5:LUFA-111009/LUFA/Drivers/USB/Core/ConfigDescriptor.c ****   dean [at] fourwalledcubicle [dot] com
   6:LUFA-111009/LUFA/Drivers/USB/Core/ConfigDescriptor.c ****            www.lufa-lib.org
   7:LUFA-111009/LUFA/Drivers/USB/Core/ConfigDescriptor.c **** */
   8:LUFA-111009/LUFA/Drivers/USB/Core/ConfigDescriptor.c **** 
   9:LUFA-111009/LUFA/Drivers/USB/Core/ConfigDescriptor.c **** /*
  10:LUFA-111009/LUFA/Drivers/USB/Core/ConfigDescriptor.c ****   Copyright 2011  Dean Camera (dean [at] fourwalledcubicle [dot] com)
  11:LUFA-111009/LUFA/Drivers/USB/Core/ConfigDescriptor.c **** 
  12:LUFA-111009/LUFA/Drivers/USB/Core/ConfigDescriptor.c ****   Permission to use, copy, modify, distribute, and sell this
  13:LUFA-111009/LUFA/Drivers/USB/Core/ConfigDescriptor.c ****   software and its documentation for any purpose is hereby granted
  14:LUFA-111009/LUFA/Drivers/USB/Core/ConfigDescriptor.c ****   without fee, provided that the above copyright notice appear in
  15:LUFA-111009/LUFA/Drivers/USB/Core/ConfigDescriptor.c ****   all copies and that both that the copyright notice and this
  16:LUFA-111009/LUFA/Drivers/USB/Core/ConfigDescriptor.c ****   permission notice and warranty disclaimer appear in supporting
  17:LUFA-111009/LUFA/Drivers/USB/Core/ConfigDescriptor.c ****   documentation, and that the name of the author not be used in
  18:LUFA-111009/LUFA/Drivers/USB/Core/ConfigDescriptor.c ****   advertising or publicity pertaining to distribution of the
  19:LUFA-111009/LUFA/Drivers/USB/Core/ConfigDescriptor.c ****   software without specific, written prior permission.
  20:LUFA-111009/LUFA/Drivers/USB/Core/ConfigDescriptor.c **** 
  21:LUFA-111009/LUFA/Drivers/USB/Core/ConfigDescriptor.c ****   The author disclaim all warranties with regard to this
  22:LUFA-111009/LUFA/Drivers/USB/Core/ConfigDescriptor.c ****   software, including all implied warranties of merchantability
  23:LUFA-111009/LUFA/Drivers/USB/Core/ConfigDescriptor.c ****   and fitness.  In no event shall the author be liable for any
  24:LUFA-111009/LUFA/Drivers/USB/Core/ConfigDescriptor.c ****   special, indirect or consequential damages or any damages
  25:LUFA-111009/LUFA/Drivers/USB/Core/ConfigDescriptor.c ****   whatsoever resulting from loss of use, data or profits, whether
  26:LUFA-111009/LUFA/Drivers/USB/Core/ConfigDescriptor.c ****   in an action of contract, negligence or other tortious action,
  27:LUFA-111009/LUFA/Drivers/USB/Core/ConfigDescriptor.c ****   arising out of or in connection with the use or performance of
  28:LUFA-111009/LUFA/Drivers/USB/Core/ConfigDescriptor.c ****   this software.
  29:LUFA-111009/LUFA/Drivers/USB/Core/ConfigDescriptor.c **** */
  30:LUFA-111009/LUFA/Drivers/USB/Core/ConfigDescriptor.c **** 
  31:LUFA-111009/LUFA/Drivers/USB/Core/ConfigDescriptor.c **** #define  __INCLUDE_FROM_USB_DRIVER
  32:LUFA-111009/LUFA/Drivers/USB/Core/ConfigDescriptor.c **** #include "ConfigDescriptor.h"
  33:LUFA-111009/LUFA/Drivers/USB/Core/ConfigDescriptor.c **** 
  34:LUFA-111009/LUFA/Drivers/USB/Core/ConfigDescriptor.c **** #if defined(USB_CAN_BE_HOST)
  35:LUFA-111009/LUFA/Drivers/USB/Core/ConfigDescriptor.c **** uint8_t USB_Host_GetDeviceConfigDescriptor(const uint8_t ConfigNumber,
  36:LUFA-111009/LUFA/Drivers/USB/Core/ConfigDescriptor.c ****                                            uint16_t* const ConfigSizePtr,
  37:LUFA-111009/LUFA/Drivers/USB/Core/ConfigDescriptor.c ****                                            void* const BufferPtr,
  38:LUFA-111009/LUFA/Drivers/USB/Core/ConfigDescriptor.c ****                                            const uint16_t BufferSize)
  39:LUFA-111009/LUFA/Drivers/USB/Core/ConfigDescriptor.c **** {
  40:LUFA-111009/LUFA/Drivers/USB/Core/ConfigDescriptor.c **** 	uint8_t ErrorCode;
  41:LUFA-111009/LUFA/Drivers/USB/Core/ConfigDescriptor.c **** 	uint8_t ConfigHeader[sizeof(USB_Descriptor_Configuration_Header_t)];
  42:LUFA-111009/LUFA/Drivers/USB/Core/ConfigDescriptor.c **** 
  43:LUFA-111009/LUFA/Drivers/USB/Core/ConfigDescriptor.c **** 	USB_ControlRequest = (USB_Request_Header_t)
  44:LUFA-111009/LUFA/Drivers/USB/Core/ConfigDescriptor.c **** 		{
  45:LUFA-111009/LUFA/Drivers/USB/Core/ConfigDescriptor.c **** 			.bmRequestType = (REQDIR_DEVICETOHOST | REQTYPE_STANDARD | REQREC_DEVICE),
  46:LUFA-111009/LUFA/Drivers/USB/Core/ConfigDescriptor.c **** 			.bRequest      = REQ_GetDescriptor,
  47:LUFA-111009/LUFA/Drivers/USB/Core/ConfigDescriptor.c **** 			.wValue        = ((DTYPE_Configuration << 8) | (ConfigNumber - 1)),
  48:LUFA-111009/LUFA/Drivers/USB/Core/ConfigDescriptor.c **** 			.wIndex        = 0,
  49:LUFA-111009/LUFA/Drivers/USB/Core/ConfigDescriptor.c **** 			.wLength       = sizeof(USB_Descriptor_Configuration_Header_t),
  50:LUFA-111009/LUFA/Drivers/USB/Core/ConfigDescriptor.c **** 		};
  51:LUFA-111009/LUFA/Drivers/USB/Core/ConfigDescriptor.c **** 
  52:LUFA-111009/LUFA/Drivers/USB/Core/ConfigDescriptor.c **** 	Pipe_SelectPipe(PIPE_CONTROLPIPE);
  53:LUFA-111009/LUFA/Drivers/USB/Core/ConfigDescriptor.c **** 
  54:LUFA-111009/LUFA/Drivers/USB/Core/ConfigDescriptor.c **** 	if ((ErrorCode = USB_Host_SendControlRequest(ConfigHeader)) != HOST_SENDCONTROL_Successful)
  55:LUFA-111009/LUFA/Drivers/USB/Core/ConfigDescriptor.c **** 	  return ErrorCode;
  56:LUFA-111009/LUFA/Drivers/USB/Core/ConfigDescriptor.c **** 
  57:LUFA-111009/LUFA/Drivers/USB/Core/ConfigDescriptor.c **** 	*ConfigSizePtr = le16_to_cpu(DESCRIPTOR_PCAST(ConfigHeader, USB_Descriptor_Configuration_Header_t)
  58:LUFA-111009/LUFA/Drivers/USB/Core/ConfigDescriptor.c **** 
  59:LUFA-111009/LUFA/Drivers/USB/Core/ConfigDescriptor.c **** 	if (*ConfigSizePtr > BufferSize)
  60:LUFA-111009/LUFA/Drivers/USB/Core/ConfigDescriptor.c **** 	  return HOST_GETCONFIG_BuffOverflow;
  61:LUFA-111009/LUFA/Drivers/USB/Core/ConfigDescriptor.c **** 
  62:LUFA-111009/LUFA/Drivers/USB/Core/ConfigDescriptor.c **** 	USB_ControlRequest.wLength = *ConfigSizePtr;
  63:LUFA-111009/LUFA/Drivers/USB/Core/ConfigDescriptor.c **** 
  64:LUFA-111009/LUFA/Drivers/USB/Core/ConfigDescriptor.c **** 	if ((ErrorCode = USB_Host_SendControlRequest(BufferPtr)) != HOST_SENDCONTROL_Successful)
  65:LUFA-111009/LUFA/Drivers/USB/Core/ConfigDescriptor.c **** 	  return ErrorCode;
  66:LUFA-111009/LUFA/Drivers/USB/Core/ConfigDescriptor.c **** 
  67:LUFA-111009/LUFA/Drivers/USB/Core/ConfigDescriptor.c **** 	if (DESCRIPTOR_TYPE(BufferPtr) != DTYPE_Configuration)
  68:LUFA-111009/LUFA/Drivers/USB/Core/ConfigDescriptor.c **** 	  return HOST_GETCONFIG_InvalidData;
  69:LUFA-111009/LUFA/Drivers/USB/Core/ConfigDescriptor.c **** 
  70:LUFA-111009/LUFA/Drivers/USB/Core/ConfigDescriptor.c **** 	return HOST_GETCONFIG_Successful;
  71:LUFA-111009/LUFA/Drivers/USB/Core/ConfigDescriptor.c **** }
  72:LUFA-111009/LUFA/Drivers/USB/Core/ConfigDescriptor.c **** #endif
  73:LUFA-111009/LUFA/Drivers/USB/Core/ConfigDescriptor.c **** 
  74:LUFA-111009/LUFA/Drivers/USB/Core/ConfigDescriptor.c **** void USB_GetNextDescriptorOfType(uint16_t* const BytesRem,
  75:LUFA-111009/LUFA/Drivers/USB/Core/ConfigDescriptor.c ****                                  void** const CurrConfigLoc,
  76:LUFA-111009/LUFA/Drivers/USB/Core/ConfigDescriptor.c ****                                  const uint8_t Type)
  77:LUFA-111009/LUFA/Drivers/USB/Core/ConfigDescriptor.c **** {
  75               		.loc 2 77 0
  76               		.cfi_startproc
  77               	.LVL4:
  78 0000 EF92      		push r14
  79               	.LCFI2:
  80               		.cfi_def_cfa_offset 3
  81               		.cfi_offset 14, -2
  82 0002 FF92      		push r15
  83               	.LCFI3:
  84               		.cfi_def_cfa_offset 4
  85               		.cfi_offset 15, -3
  86 0004 0F93      		push r16
  87               	.LCFI4:
  88               		.cfi_def_cfa_offset 5
  89               		.cfi_offset 16, -4
  90 0006 1F93      		push r17
  91               	.LCFI5:
  92               		.cfi_def_cfa_offset 6
  93               		.cfi_offset 17, -5
  94 0008 CF93      		push r28
  95               	.LCFI6:
  96               		.cfi_def_cfa_offset 7
  97               		.cfi_offset 28, -6
  98 000a DF93      		push r29
  99               	.LCFI7:
 100               		.cfi_def_cfa_offset 8
 101               		.cfi_offset 29, -7
 102 000c 1F92      		push __zero_reg__
 103               	.LCFI8:
 104               		.cfi_def_cfa_offset 9
 105 000e CDB7      		in r28,__SP_L__
 106 0010 DEB7      		in r29,__SP_H__
 107               	.LCFI9:
 108               		.cfi_def_cfa_register 28
 109               	/* prologue: function */
 110               	/* frame size = 1 */
 111               	/* stack size = 7 */
 112               	.L__stack_usage = 7
 113 0012 7C01      		movw r14,r24
 114 0014 8B01      		movw r16,r22
 115               	.LVL5:
 116               	.L5:
  78:LUFA-111009/LUFA/Drivers/USB/Core/ConfigDescriptor.c **** 	while (*BytesRem)
 117               		.loc 2 78 0 discriminator 1
 118 0016 F701      		movw r30,r14
 119 0018 8081      		ld r24,Z
 120 001a 9181      		ldd r25,Z+1
 121 001c 892B      		or r24,r25
 122 001e 01F0      		breq .L4
  79:LUFA-111009/LUFA/Drivers/USB/Core/ConfigDescriptor.c **** 	{
  80:LUFA-111009/LUFA/Drivers/USB/Core/ConfigDescriptor.c **** 		USB_GetNextDescriptor(BytesRem, CurrConfigLoc);
 123               		.loc 2 80 0
 124 0020 B801      		movw r22,r16
 125 0022 C701      		movw r24,r14
 126 0024 4983      		std Y+1,r20
 127 0026 0E94 0000 		call USB_GetNextDescriptor
 128               	.LVL6:
  81:LUFA-111009/LUFA/Drivers/USB/Core/ConfigDescriptor.c **** 
  82:LUFA-111009/LUFA/Drivers/USB/Core/ConfigDescriptor.c **** 		if (DESCRIPTOR_TYPE(*CurrConfigLoc) == Type)
 129               		.loc 2 82 0
 130 002a D801      		movw r26,r16
 131 002c ED91      		ld r30,X+
 132 002e FC91      		ld r31,X
 133 0030 8181      		ldd r24,Z+1
 134 0032 4981      		ldd r20,Y+1
 135 0034 8413      		cpse r24,r20
 136 0036 00C0      		rjmp .L5
 137               	.L4:
 138               	/* epilogue start */
  83:LUFA-111009/LUFA/Drivers/USB/Core/ConfigDescriptor.c **** 		  return;
  84:LUFA-111009/LUFA/Drivers/USB/Core/ConfigDescriptor.c **** 	}
  85:LUFA-111009/LUFA/Drivers/USB/Core/ConfigDescriptor.c **** }
 139               		.loc 2 85 0
 140 0038 0F90      		pop __tmp_reg__
 141 003a DF91      		pop r29
 142 003c CF91      		pop r28
 143 003e 1F91      		pop r17
 144 0040 0F91      		pop r16
 145               	.LVL7:
 146 0042 FF90      		pop r15
 147 0044 EF90      		pop r14
 148               	.LVL8:
 149 0046 0895      		ret
 150               		.cfi_endproc
 151               	.LFE82:
 153               		.section	.text.USB_GetNextDescriptorOfTypeBefore,"ax",@progbits
 154               	.global	USB_GetNextDescriptorOfTypeBefore
 156               	USB_GetNextDescriptorOfTypeBefore:
 157               	.LFB83:
  86:LUFA-111009/LUFA/Drivers/USB/Core/ConfigDescriptor.c **** 
  87:LUFA-111009/LUFA/Drivers/USB/Core/ConfigDescriptor.c **** void USB_GetNextDescriptorOfTypeBefore(uint16_t* const BytesRem,
  88:LUFA-111009/LUFA/Drivers/USB/Core/ConfigDescriptor.c ****                                        void** const CurrConfigLoc,
  89:LUFA-111009/LUFA/Drivers/USB/Core/ConfigDescriptor.c ****                                        const uint8_t Type,
  90:LUFA-111009/LUFA/Drivers/USB/Core/ConfigDescriptor.c ****                                        const uint8_t BeforeType)
  91:LUFA-111009/LUFA/Drivers/USB/Core/ConfigDescriptor.c **** {
 158               		.loc 2 91 0
 159               		.cfi_startproc
 160               	.LVL9:
 161 0000 EF92      		push r14
 162               	.LCFI10:
 163               		.cfi_def_cfa_offset 3
 164               		.cfi_offset 14, -2
 165 0002 FF92      		push r15
 166               	.LCFI11:
 167               		.cfi_def_cfa_offset 4
 168               		.cfi_offset 15, -3
 169 0004 0F93      		push r16
 170               	.LCFI12:
 171               		.cfi_def_cfa_offset 5
 172               		.cfi_offset 16, -4
 173 0006 1F93      		push r17
 174               	.LCFI13:
 175               		.cfi_def_cfa_offset 6
 176               		.cfi_offset 17, -5
 177 0008 CF93      		push r28
 178               	.LCFI14:
 179               		.cfi_def_cfa_offset 7
 180               		.cfi_offset 28, -6
 181 000a DF93      		push r29
 182               	.LCFI15:
 183               		.cfi_def_cfa_offset 8
 184               		.cfi_offset 29, -7
 185 000c 00D0      		rcall .
 186               	.LCFI16:
 187               		.cfi_def_cfa_offset 10
 188 000e CDB7      		in r28,__SP_L__
 189 0010 DEB7      		in r29,__SP_H__
 190               	.LCFI17:
 191               		.cfi_def_cfa_register 28
 192               	/* prologue: function */
 193               	/* frame size = 2 */
 194               	/* stack size = 8 */
 195               	.L__stack_usage = 8
 196 0012 7C01      		movw r14,r24
 197 0014 8B01      		movw r16,r22
 198               	.LVL10:
 199               	.L10:
  92:LUFA-111009/LUFA/Drivers/USB/Core/ConfigDescriptor.c **** 	while (*BytesRem)
 200               		.loc 2 92 0 discriminator 1
 201 0016 D701      		movw r26,r14
 202 0018 8D91      		ld r24,X+
 203 001a 9C91      		ld r25,X
 204 001c 892B      		or r24,r25
 205 001e 01F0      		breq .L9
  93:LUFA-111009/LUFA/Drivers/USB/Core/ConfigDescriptor.c **** 	{
  94:LUFA-111009/LUFA/Drivers/USB/Core/ConfigDescriptor.c **** 		USB_GetNextDescriptor(BytesRem, CurrConfigLoc);
 206               		.loc 2 94 0
 207 0020 B801      		movw r22,r16
 208 0022 C701      		movw r24,r14
 209 0024 2A83      		std Y+2,r18
 210 0026 4983      		std Y+1,r20
 211 0028 0E94 0000 		call USB_GetNextDescriptor
 212               	.LVL11:
  95:LUFA-111009/LUFA/Drivers/USB/Core/ConfigDescriptor.c **** 
  96:LUFA-111009/LUFA/Drivers/USB/Core/ConfigDescriptor.c **** 		if (DESCRIPTOR_TYPE(*CurrConfigLoc) == Type)
 213               		.loc 2 96 0
 214 002c D801      		movw r26,r16
 215 002e ED91      		ld r30,X+
 216 0030 FC91      		ld r31,X
 217 0032 8181      		ldd r24,Z+1
 218 0034 4981      		ldd r20,Y+1
 219 0036 2A81      		ldd r18,Y+2
 220 0038 8417      		cp r24,r20
 221 003a 01F0      		breq .L9
  97:LUFA-111009/LUFA/Drivers/USB/Core/ConfigDescriptor.c **** 		{
  98:LUFA-111009/LUFA/Drivers/USB/Core/ConfigDescriptor.c **** 			return;
  99:LUFA-111009/LUFA/Drivers/USB/Core/ConfigDescriptor.c **** 		}
 100:LUFA-111009/LUFA/Drivers/USB/Core/ConfigDescriptor.c **** 		else if (DESCRIPTOR_TYPE(*CurrConfigLoc) == BeforeType)
 222               		.loc 2 100 0
 223 003c 8213      		cpse r24,r18
 224 003e 00C0      		rjmp .L10
 101:LUFA-111009/LUFA/Drivers/USB/Core/ConfigDescriptor.c **** 		{
 102:LUFA-111009/LUFA/Drivers/USB/Core/ConfigDescriptor.c **** 			*BytesRem = 0;
 225               		.loc 2 102 0
 226 0040 F701      		movw r30,r14
 227 0042 1182      		std Z+1,__zero_reg__
 228 0044 1082      		st Z,__zero_reg__
 229               	.L9:
 230               	/* epilogue start */
 103:LUFA-111009/LUFA/Drivers/USB/Core/ConfigDescriptor.c **** 			return;
 104:LUFA-111009/LUFA/Drivers/USB/Core/ConfigDescriptor.c **** 		}
 105:LUFA-111009/LUFA/Drivers/USB/Core/ConfigDescriptor.c **** 	}
 106:LUFA-111009/LUFA/Drivers/USB/Core/ConfigDescriptor.c **** }
 231               		.loc 2 106 0
 232 0046 0F90      		pop __tmp_reg__
 233 0048 0F90      		pop __tmp_reg__
 234 004a DF91      		pop r29
 235 004c CF91      		pop r28
 236 004e 1F91      		pop r17
 237 0050 0F91      		pop r16
 238               	.LVL12:
 239 0052 FF90      		pop r15
 240 0054 EF90      		pop r14
 241               	.LVL13:
 242 0056 0895      		ret
 243               		.cfi_endproc
 244               	.LFE83:
 246               		.section	.text.USB_GetNextDescriptorOfTypeAfter,"ax",@progbits
 247               	.global	USB_GetNextDescriptorOfTypeAfter
 249               	USB_GetNextDescriptorOfTypeAfter:
 250               	.LFB84:
 107:LUFA-111009/LUFA/Drivers/USB/Core/ConfigDescriptor.c **** 
 108:LUFA-111009/LUFA/Drivers/USB/Core/ConfigDescriptor.c **** void USB_GetNextDescriptorOfTypeAfter(uint16_t* const BytesRem,
 109:LUFA-111009/LUFA/Drivers/USB/Core/ConfigDescriptor.c ****                                       void** const CurrConfigLoc,
 110:LUFA-111009/LUFA/Drivers/USB/Core/ConfigDescriptor.c ****                                       const uint8_t Type,
 111:LUFA-111009/LUFA/Drivers/USB/Core/ConfigDescriptor.c ****                                       const uint8_t AfterType)
 112:LUFA-111009/LUFA/Drivers/USB/Core/ConfigDescriptor.c **** {
 251               		.loc 2 112 0
 252               		.cfi_startproc
 253               	.LVL14:
 254 0000 FF92      		push r15
 255               	.LCFI18:
 256               		.cfi_def_cfa_offset 3
 257               		.cfi_offset 15, -2
 258 0002 0F93      		push r16
 259               	.LCFI19:
 260               		.cfi_def_cfa_offset 4
 261               		.cfi_offset 16, -3
 262 0004 1F93      		push r17
 263               	.LCFI20:
 264               		.cfi_def_cfa_offset 5
 265               		.cfi_offset 17, -4
 266 0006 CF93      		push r28
 267               	.LCFI21:
 268               		.cfi_def_cfa_offset 6
 269               		.cfi_offset 28, -5
 270 0008 DF93      		push r29
 271               	.LCFI22:
 272               		.cfi_def_cfa_offset 7
 273               		.cfi_offset 29, -6
 274               	/* prologue: function */
 275               	/* frame size = 0 */
 276               	/* stack size = 5 */
 277               	.L__stack_usage = 5
 278 000a EC01      		movw r28,r24
 279 000c 8B01      		movw r16,r22
 280 000e F42E      		mov r15,r20
 113:LUFA-111009/LUFA/Drivers/USB/Core/ConfigDescriptor.c **** 	USB_GetNextDescriptorOfType(BytesRem, CurrConfigLoc, AfterType);
 281               		.loc 2 113 0
 282 0010 422F      		mov r20,r18
 283               	.LVL15:
 284 0012 0E94 0000 		call USB_GetNextDescriptorOfType
 285               	.LVL16:
 114:LUFA-111009/LUFA/Drivers/USB/Core/ConfigDescriptor.c **** 
 115:LUFA-111009/LUFA/Drivers/USB/Core/ConfigDescriptor.c **** 	if (*BytesRem)
 286               		.loc 2 115 0
 287 0016 8881      		ld r24,Y
 288 0018 9981      		ldd r25,Y+1
 289 001a 892B      		or r24,r25
 290 001c 01F0      		breq .L16
 116:LUFA-111009/LUFA/Drivers/USB/Core/ConfigDescriptor.c **** 	  USB_GetNextDescriptorOfType(BytesRem, CurrConfigLoc, Type);
 291               		.loc 2 116 0
 292 001e 4F2D      		mov r20,r15
 293 0020 B801      		movw r22,r16
 294 0022 CE01      		movw r24,r28
 295               	/* epilogue start */
 117:LUFA-111009/LUFA/Drivers/USB/Core/ConfigDescriptor.c **** }
 296               		.loc 2 117 0
 297 0024 DF91      		pop r29
 298 0026 CF91      		pop r28
 299               	.LVL17:
 300 0028 1F91      		pop r17
 301 002a 0F91      		pop r16
 302               	.LVL18:
 303 002c FF90      		pop r15
 304               	.LVL19:
 116:LUFA-111009/LUFA/Drivers/USB/Core/ConfigDescriptor.c **** 	  USB_GetNextDescriptorOfType(BytesRem, CurrConfigLoc, Type);
 305               		.loc 2 116 0
 306 002e 0C94 0000 		jmp USB_GetNextDescriptorOfType
 307               	.LVL20:
 308               	.L16:
 309               	/* epilogue start */
 310               		.loc 2 117 0
 311 0032 DF91      		pop r29
 312 0034 CF91      		pop r28
 313               	.LVL21:
 314 0036 1F91      		pop r17
 315 0038 0F91      		pop r16
 316               	.LVL22:
 317 003a FF90      		pop r15
 318               	.LVL23:
 319 003c 0895      		ret
 320               		.cfi_endproc
 321               	.LFE84:
 323               		.section	.text.USB_GetNextDescriptorComp,"ax",@progbits
 324               	.global	USB_GetNextDescriptorComp
 326               	USB_GetNextDescriptorComp:
 327               	.LFB85:
 118:LUFA-111009/LUFA/Drivers/USB/Core/ConfigDescriptor.c **** 
 119:LUFA-111009/LUFA/Drivers/USB/Core/ConfigDescriptor.c **** uint8_t USB_GetNextDescriptorComp(uint16_t* const BytesRem,
 120:LUFA-111009/LUFA/Drivers/USB/Core/ConfigDescriptor.c ****                                   void** const CurrConfigLoc,
 121:LUFA-111009/LUFA/Drivers/USB/Core/ConfigDescriptor.c ****                                   ConfigComparatorPtr_t const ComparatorRoutine)
 122:LUFA-111009/LUFA/Drivers/USB/Core/ConfigDescriptor.c **** {
 328               		.loc 2 122 0
 329               		.cfi_startproc
 330               	.LVL24:
 331 0000 AF92      		push r10
 332               	.LCFI23:
 333               		.cfi_def_cfa_offset 3
 334               		.cfi_offset 10, -2
 335 0002 BF92      		push r11
 336               	.LCFI24:
 337               		.cfi_def_cfa_offset 4
 338               		.cfi_offset 11, -3
 339 0004 CF92      		push r12
 340               	.LCFI25:
 341               		.cfi_def_cfa_offset 5
 342               		.cfi_offset 12, -4
 343 0006 DF92      		push r13
 344               	.LCFI26:
 345               		.cfi_def_cfa_offset 6
 346               		.cfi_offset 13, -5
 347 0008 EF92      		push r14
 348               	.LCFI27:
 349               		.cfi_def_cfa_offset 7
 350               		.cfi_offset 14, -6
 351 000a FF92      		push r15
 352               	.LCFI28:
 353               		.cfi_def_cfa_offset 8
 354               		.cfi_offset 15, -7
 355 000c 0F93      		push r16
 356               	.LCFI29:
 357               		.cfi_def_cfa_offset 9
 358               		.cfi_offset 16, -8
 359 000e 1F93      		push r17
 360               	.LCFI30:
 361               		.cfi_def_cfa_offset 10
 362               		.cfi_offset 17, -9
 363 0010 CF93      		push r28
 364               	.LCFI31:
 365               		.cfi_def_cfa_offset 11
 366               		.cfi_offset 28, -10
 367 0012 DF93      		push r29
 368               	.LCFI32:
 369               		.cfi_def_cfa_offset 12
 370               		.cfi_offset 29, -11
 371               	/* prologue: function */
 372               	/* frame size = 0 */
 373               	/* stack size = 10 */
 374               	.L__stack_usage = 10
 375 0014 8C01      		movw r16,r24
 376 0016 EB01      		movw r28,r22
 377 0018 6A01      		movw r12,r20
 378               	.LVL25:
 379               	.L19:
 123:LUFA-111009/LUFA/Drivers/USB/Core/ConfigDescriptor.c **** 	uint8_t ErrorCode;
 124:LUFA-111009/LUFA/Drivers/USB/Core/ConfigDescriptor.c **** 
 125:LUFA-111009/LUFA/Drivers/USB/Core/ConfigDescriptor.c **** 	while (*BytesRem)
 380               		.loc 2 125 0 discriminator 1
 381 001a F801      		movw r30,r16
 382 001c E080      		ld r14,Z
 383 001e F180      		ldd r15,Z+1
 384 0020 E114      		cp r14,__zero_reg__
 385 0022 F104      		cpc r15,__zero_reg__
 386 0024 01F0      		breq .L25
 387               	.LBB2:
 126:LUFA-111009/LUFA/Drivers/USB/Core/ConfigDescriptor.c **** 	{
 127:LUFA-111009/LUFA/Drivers/USB/Core/ConfigDescriptor.c **** 		uint8_t* PrevDescLoc  = *CurrConfigLoc;
 388               		.loc 2 127 0
 389 0026 A880      		ld r10,Y
 390 0028 B980      		ldd r11,Y+1
 391               	.LVL26:
 128:LUFA-111009/LUFA/Drivers/USB/Core/ConfigDescriptor.c **** 		uint16_t PrevBytesRem = *BytesRem;
 129:LUFA-111009/LUFA/Drivers/USB/Core/ConfigDescriptor.c **** 
 130:LUFA-111009/LUFA/Drivers/USB/Core/ConfigDescriptor.c **** 		USB_GetNextDescriptor(BytesRem, CurrConfigLoc);
 392               		.loc 2 130 0
 393 002a BE01      		movw r22,r28
 394 002c C801      		movw r24,r16
 395 002e 0E94 0000 		call USB_GetNextDescriptor
 396               	.LVL27:
 131:LUFA-111009/LUFA/Drivers/USB/Core/ConfigDescriptor.c **** 
 132:LUFA-111009/LUFA/Drivers/USB/Core/ConfigDescriptor.c **** 		if ((ErrorCode = ComparatorRoutine(*CurrConfigLoc)) != DESCRIPTOR_SEARCH_NotFound)
 397               		.loc 2 132 0
 398 0032 8881      		ld r24,Y
 399 0034 9981      		ldd r25,Y+1
 400 0036 F601      		movw r30,r12
 401 0038 0995      		icall
 402               	.LVL28:
 403 003a 8230      		cpi r24,lo8(2)
 404 003c 01F0      		breq .L19
 133:LUFA-111009/LUFA/Drivers/USB/Core/ConfigDescriptor.c **** 		{
 134:LUFA-111009/LUFA/Drivers/USB/Core/ConfigDescriptor.c **** 			if (ErrorCode == DESCRIPTOR_SEARCH_Fail)
 405               		.loc 2 134 0
 406 003e 8130      		cpi r24,lo8(1)
 407 0040 01F4      		brne .L21
 135:LUFA-111009/LUFA/Drivers/USB/Core/ConfigDescriptor.c **** 			{
 136:LUFA-111009/LUFA/Drivers/USB/Core/ConfigDescriptor.c **** 				*CurrConfigLoc = PrevDescLoc;
 408               		.loc 2 136 0
 409 0042 B982      		std Y+1,r11
 410 0044 A882      		st Y,r10
 137:LUFA-111009/LUFA/Drivers/USB/Core/ConfigDescriptor.c **** 				*BytesRem      = PrevBytesRem;
 411               		.loc 2 137 0
 412 0046 F801      		movw r30,r16
 413 0048 F182      		std Z+1,r15
 414 004a E082      		st Z,r14
 415 004c 00C0      		rjmp .L21
 416               	.LVL29:
 417               	.L25:
 418               	.LBE2:
 138:LUFA-111009/LUFA/Drivers/USB/Core/ConfigDescriptor.c **** 			}
 139:LUFA-111009/LUFA/Drivers/USB/Core/ConfigDescriptor.c **** 
 140:LUFA-111009/LUFA/Drivers/USB/Core/ConfigDescriptor.c **** 			return ErrorCode;
 141:LUFA-111009/LUFA/Drivers/USB/Core/ConfigDescriptor.c **** 		}
 142:LUFA-111009/LUFA/Drivers/USB/Core/ConfigDescriptor.c **** 	}
 143:LUFA-111009/LUFA/Drivers/USB/Core/ConfigDescriptor.c **** 
 144:LUFA-111009/LUFA/Drivers/USB/Core/ConfigDescriptor.c **** 	return DESCRIPTOR_SEARCH_COMP_EndOfDescriptor;
 419               		.loc 2 144 0
 420 004e 82E0      		ldi r24,lo8(2)
 421               	.L21:
 422               	/* epilogue start */
 145:LUFA-111009/LUFA/Drivers/USB/Core/ConfigDescriptor.c **** }
 423               		.loc 2 145 0
 424 0050 DF91      		pop r29
 425 0052 CF91      		pop r28
 426               	.LVL30:
 427 0054 1F91      		pop r17
 428 0056 0F91      		pop r16
 429               	.LVL31:
 430 0058 FF90      		pop r15
 431 005a EF90      		pop r14
 432 005c DF90      		pop r13
 433 005e CF90      		pop r12
 434               	.LVL32:
 435 0060 BF90      		pop r11
 436 0062 AF90      		pop r10
 437 0064 0895      		ret
 438               		.cfi_endproc
 439               	.LFE85:
 441               		.text
 442               	.Letext0:
 443               		.file 3 "/usr/lib/avr/include/stdint.h"
 444               		.file 4 "LUFA-111009/LUFA/Drivers/USB/Core/AVR8/../StdDescriptors.h"
DEFINED SYMBOLS
                            *ABS*:00000000 ConfigDescriptor.c
     /tmp/ccWU53cE.s:2      *ABS*:0000003e __SP_H__
     /tmp/ccWU53cE.s:3      *ABS*:0000003d __SP_L__
     /tmp/ccWU53cE.s:4      *ABS*:0000003f __SREG__
     /tmp/ccWU53cE.s:5      *ABS*:00000000 __tmp_reg__
     /tmp/ccWU53cE.s:6      *ABS*:00000001 __zero_reg__
     /tmp/ccWU53cE.s:12     .text.USB_GetNextDescriptor:00000000 USB_GetNextDescriptor
     /tmp/ccWU53cE.s:72     .text.USB_GetNextDescriptorOfType:00000000 USB_GetNextDescriptorOfType
     /tmp/ccWU53cE.s:156    .text.USB_GetNextDescriptorOfTypeBefore:00000000 USB_GetNextDescriptorOfTypeBefore
     /tmp/ccWU53cE.s:249    .text.USB_GetNextDescriptorOfTypeAfter:00000000 USB_GetNextDescriptorOfTypeAfter
     /tmp/ccWU53cE.s:326    .text.USB_GetNextDescriptorComp:00000000 USB_GetNextDescriptorComp

NO UNDEFINED SYMBOLS
